<?xml version="1.0" encoding="UTF-8" ?>
<testsuite skipped="0" tests="1" failures="0" errors="0" name="com.springsource.insight.plugin.jsf.FacesValidatorOperationCollectionAspectTest" time="0.057">
  <properties>
    <property value="IBM Corporation" name="java.vendor"/>
    <property value="C:\Users\rhart\.m2\repository" name="localRepository"/>
    <property value="SUN_STANDARD" name="sun.java.launcher"/>
    <property value="Windows 7" name="os.name"/>
    <property value="C:\Program Files\IBM\WebSphere\AppServer\java\jre\bin\default\jclSC160\vm.jar;C:\Program Files\IBM\WebSphere\AppServer\java\jre\lib\annotation.jar;C:\Program Files\IBM\WebSphere\AppServer\java\jre\lib\beans.jar;C:\Program Files\IBM\WebSphere\AppServer\java\jre\lib\java.util.jar;C:\Program Files\IBM\WebSphere\AppServer\java\jre\lib\jndi.jar;C:\Program Files\IBM\WebSphere\AppServer\java\jre\lib\logging.jar;C:\Program Files\IBM\WebSphere\AppServer\java\jre\lib\security.jar;C:\Program Files\IBM\WebSphere\AppServer\java\jre\lib\sql.jar;C:\Program Files\IBM\WebSphere\AppServer\java\jre\lib\ibmorb.jar;C:\Program Files\IBM\WebSphere\AppServer\java\jre\lib\ibmorbapi.jar;C:\Program Files\IBM\WebSphere\AppServer\java\jre\lib\ibmcfw.jar;C:\Program Files\IBM\WebSphere\AppServer\java\jre\lib\rt.jar;C:\Program Files\IBM\WebSphere\AppServer\java\jre\lib\charsets.jar;C:\Program Files\IBM\WebSphere\AppServer\java\jre\lib\resources.jar;C:\Program Files\IBM\WebSphere\AppServer\java\jre\lib\ibmpkcs.jar;C:\Program Files\IBM\WebSphere\AppServer\java\jre\lib\ibmcertpathfw.jar;C:\Program Files\IBM\WebSphere\AppServer\java\jre\lib\ibmjgssfw.jar;C:\Program Files\IBM\WebSphere\AppServer\java\jre\lib\ibmjssefw.jar;C:\Program Files\IBM\WebSphere\AppServer\java\jre\lib\ibmsaslfw.jar;C:\Program Files\IBM\WebSphere\AppServer\java\jre\lib\ibmjcefw.jar;C:\Program Files\IBM\WebSphere\AppServer\java\jre\lib\ibmjgssprovider.jar;C:\Program Files\IBM\WebSphere\AppServer\java\jre\lib\ibmjsseprovider2.jar;C:\Program Files\IBM\WebSphere\AppServer\java\jre\lib\ibmcertpathprovider.jar;C:\Program Files\IBM\WebSphere\AppServer\java\jre\lib\ibmxmlcrypto.jar;C:\Program Files\IBM\WebSphere\AppServer\java\jre\lib\management-agent.jar;C:\Program Files\IBM\WebSphere\AppServer\java\jre\lib\xml.jar;C:\Program Files\IBM\WebSphere\AppServer\java\jre\lib\jlm.jar;C:\Program Files\IBM\WebSphere\AppServer\java\jre\lib\javascript.jar" name="sun.boot.class.path"/>
    <property value="" name="sun.java2d.fontpath"/>
    <property value="Sun Microsystems Inc." name="java.vm.specification.vendor"/>
    <property value="jvmwa6460sr9-20111111_94827" name="java.runtime.version"/>
    <property value="rhart" name="user.name"/>
    <property value="j9jit24" name="java.compiler"/>
    <property value="UTF8" name="os.encoding"/>
    <property value="" name="com.ibm.util.extralibs.properties"/>
    <property value="" name="com.ibm.jcl.checkClassPath"/>
    <property value="en" name="user.language"/>
    <property value="C:\Program Files\IBM\WebSphere\AppServer\java\jre\bin\default;C:\Program Files\IBM\WebSphere\AppServer\java\jre\bin" name="com.ibm.oti.vm.bootstrap.library.path"/>
    <property value="C:\Program Files\IBM\WebSphere\AppServer\java\jre\bin\default;C:\Program Files\IBM\WebSphere\AppServer\java\jre\bin" name="sun.boot.library.path"/>
    <property value="1.6.0" name="java.version"/>
    <property value="Europe/London" name="user.timezone"/>
    <property value="64" name="sun.arch.data.model"/>
    <property value="C:\Program Files\IBM\WebSphere\AppServer\java\jre\lib\endorsed" name="java.endorsed.dirs"/>
    <property value="24" name="com.ibm.oti.vm.library.version"/>
    <property value="Cp1252" name="sun.jnu.encoding"/>
    <property value="15" name="jxe.current.romimage.version"/>
    <property value="\" name="file.separator"/>
    <property value="Java Platform API Specification" name="java.specification.name"/>
    <property value="50.0" name="java.class.version"/>
    <property value="GB" name="user.country"/>
    <property value="C:\Program Files\IBM\WebSphere\AppServer\java\jre" name="java.home"/>
    <property value="JRE 1.6.0 IBM J9 2.4 Windows 7 amd64-64 jvmwa6460sr9-20111111_94827 (JIT enabled, AOT enabled)
J9VM - 20111111_094827
JIT  - r9_20101028_17488ifx45
GC   - 20101027_AA" name="java.vm.info"/>
    <property value="6.1 build 7601 Service Pack 1" name="os.version"/>
    <property value="C:\Users\rhart\AppData\Local\Temp\surefirebooter7457501833480790862.jar;C:\Users\rhart\.m2\repository/org/aspectj/aspectjweaver/1.6.11/aspectjweaver-1.6.11.jar;C:\Users\rhart\.m2\repository/org/aspectj/aspectjweaver/1.6.11/aspectjweaver-1.6.11.jar" name="surefire.real.class.path"/>
    <property value="" name="java.awt.fonts"/>
    <property value=";" name="path.separator"/>
    <property value="2.4" name="java.vm.version"/>
    <property value="java.util.prefs.WindowsPreferencesFactory" name="java.util.prefs.PreferencesFactory"/>
    <property value="" name="user.variant"/>
    <property value="Cp850" name="console.encoding"/>
    <property value="sun.awt.windows.WPrinterJob" name="java.awt.printerjob"/>
    <property value="UnicodeLittle" name="sun.io.unicode.encoding"/>
    <property value="sun.awt.windows.WToolkit" name="awt.toolkit"/>
    <property value="true" name="ibm.signalhandling.sigint"/>
    <property value="ON" name="java.assistive"/>
    <property value="C:\Users\rhart" name="user.home"/>
    <property value="little" name="com.ibm.cpu.endian"/>
    <property value="Sun Microsystems Inc." name="java.specification.vendor"/>
    <property value="true" name="ibm.signalhandling.sigchain"/>
    <property value="C:\Program Files\IBM\WebSphere\AppServer\java\jre\bin\default;C:\Program Files\IBM\WebSphere\AppServer\java\jre\bin;C:\Windows\system32;C:\Windows;C:\Ruby193\bin;C:\Windows\system32;C:\Windows;C:\Windows\System32\Wbem;C:\Windows\System32\WindowsPowerShell\v1.0\;C:\Program Files (x86)\Heroku;C:\Program Files (x86)\git\bin;C:\Program Files (x86)\git\cmd;C:\Program Files (x86)\Git\cmd;%GRAILS_HOME%\bin;C:\vert.x\vert.x-1.0.1.final\bin;C:\Program Files (x86)\QuickTime\QTSystem\;." name="java.library.path"/>
    <property value="http://www.ibm.com/" name="java.vendor.url"/>
    <property value="IBM Corporation" name="java.vm.vendor"/>
    <property value="JRE 1.6.0 IBM J9 2.4 Windows 7 amd64-64 jvmwa6460sr9-20111111_94827 (JIT enabled, AOT enabled)
J9VM - 20111111_094827
JIT  - r9_20101028_17488ifx45
GC   - 20101027_AA" name="java.fullversion"/>
    <property value="Java(TM) SE Runtime Environment" name="java.runtime.name"/>
    <property value="C:\Users\rhart\AppData\Local\Temp\surefirebooter7457501833480790862.jar C:\Users\rhart\AppData\Local\Temp\surefire7658523192673583367tmp C:\Users\rhart\AppData\Local\Temp\surefire2167068483201016963tmp" name="sun.java.command"/>
    <property value="C:\Users\rhart\Documents\GitHub\spring-insight-jsf-plugin\collection-plugin\target\test-classes;C:\Users\rhart\Documents\GitHub\spring-insight-jsf-plugin\collection-plugin\target\classes;C:\Users\rhart\.m2\repository\com\springsource\insight\insight-idk\1.5.0.RELEASE\insight-idk-1.5.0.RELEASE.jar;C:\Users\rhart\.m2\repository\com\springsource\insight\insight-util\1.5.0.RELEASE\insight-util-1.5.0.RELEASE.jar;C:\Users\rhart\.m2\repository\com\springsource\insight\insight-annotation\1.5.0.RELEASE\insight-annotation-1.5.0.RELEASE.jar;C:\Users\rhart\.m2\repository\com\springsource\insight\insight-intercept\1.5.0.RELEASE\insight-intercept-1.5.0.RELEASE.jar;C:\Users\rhart\.m2\repository\com\springsource\insight\insight-collection\1.5.0.RELEASE\insight-collection-1.5.0.RELEASE.jar;C:\Users\rhart\.m2\repository\org\aspectj\aspectjrt\1.6.11\aspectjrt-1.6.11.jar;C:\Users\rhart\.m2\repository\com\sun\faces\jsf-api\2.1.7\jsf-api-2.1.7.jar;C:\Users\rhart\.m2\repository\com\sun\faces\jsf-impl\2.1.7\jsf-impl-2.1.7.jar;C:\Users\rhart\.m2\repository\org\apache\myfaces\core\myfaces-api\2.1.8\myfaces-api-2.1.8.jar;C:\Users\rhart\.m2\repository\org\apache\myfaces\core\myfaces-impl\2.1.8\myfaces-impl-2.1.8.jar;C:\Users\rhart\.m2\repository\commons-collections\commons-collections\3.2\commons-collections-3.2.jar;C:\Users\rhart\.m2\repository\commons-codec\commons-codec\1.3\commons-codec-1.3.jar;C:\Users\rhart\.m2\repository\commons-beanutils\commons-beanutils\1.8.3\commons-beanutils-1.8.3.jar;C:\Users\rhart\.m2\repository\commons-digester\commons-digester\1.8\commons-digester-1.8.jar;C:\Users\rhart\.m2\repository\junit\junit\4.5\junit-4.5.jar;C:\Users\rhart\.m2\repository\org\mockito\mockito-all\1.8.0\mockito-all-1.8.0.jar;C:\Users\rhart\.m2\repository\org\springframework\spring-test\3.0.5.RELEASE\spring-test-3.0.5.RELEASE.jar;C:\Users\rhart\.m2\repository\commons-logging\commons-logging\1.1.1\commons-logging-1.1.1.jar;C:\Users\rhart\.m2\repository\javax\servlet\servlet-api\2.5\servlet-api-2.5.jar;C:\Users\rhart\.m2\repository\org\springframework\spring-webmvc\3.0.5.RELEASE\spring-webmvc-3.0.5.RELEASE.jar;C:\Users\rhart\.m2\repository\org\springframework\spring-asm\3.0.5.RELEASE\spring-asm-3.0.5.RELEASE.jar;C:\Users\rhart\.m2\repository\org\springframework\spring-beans\3.0.5.RELEASE\spring-beans-3.0.5.RELEASE.jar;C:\Users\rhart\.m2\repository\org\springframework\spring-context\3.0.5.RELEASE\spring-context-3.0.5.RELEASE.jar;C:\Users\rhart\.m2\repository\org\springframework\spring-aop\3.0.5.RELEASE\spring-aop-3.0.5.RELEASE.jar;C:\Users\rhart\.m2\repository\org\springframework\spring-core\3.0.5.RELEASE\spring-core-3.0.5.RELEASE.jar;C:\Users\rhart\.m2\repository\org\springframework\spring-expression\3.0.5.RELEASE\spring-expression-3.0.5.RELEASE.jar;C:\Users\rhart\.m2\repository\org\springframework\spring-web\3.0.5.RELEASE\spring-web-3.0.5.RELEASE.jar;C:\Users\rhart\.m2\repository\aopalliance\aopalliance\1.0\aopalliance-1.0.jar;C:\Users\rhart\.m2\repository\org\springframework\spring-context-support\3.0.5.RELEASE\spring-context-support-3.0.5.RELEASE.jar;C:\Users\rhart\.m2\repository\org\freemarker\freemarker\2.3.15\freemarker-2.3.15.jar;C:\Users\rhart\.m2\repository\org\slf4j\slf4j-jcl\1.5.5\slf4j-jcl-1.5.5.jar;C:\Users\rhart\.m2\repository\org\slf4j\slf4j-api\1.5.5\slf4j-api-1.5.5.jar;C:\Users\rhart\.m2\repository\org\aspectj\aspectjweaver\1.6.11\aspectjweaver-1.6.11.jar;" name="java.class.path"/>
    <property value="Java Virtual Machine Specification" name="java.vm.specification.name"/>
    <property value="1.0" name="java.vm.specification.version"/>
    <property value="C:\Users\rhart\Documents\GitHub\spring-insight-jsf-plugin\collection-plugin\target\test-classes;C:\Users\rhart\Documents\GitHub\spring-insight-jsf-plugin\collection-plugin\target\classes;C:\Users\rhart\.m2\repository\com\springsource\insight\insight-idk\1.5.0.RELEASE\insight-idk-1.5.0.RELEASE.jar;C:\Users\rhart\.m2\repository\com\springsource\insight\insight-util\1.5.0.RELEASE\insight-util-1.5.0.RELEASE.jar;C:\Users\rhart\.m2\repository\com\springsource\insight\insight-annotation\1.5.0.RELEASE\insight-annotation-1.5.0.RELEASE.jar;C:\Users\rhart\.m2\repository\com\springsource\insight\insight-intercept\1.5.0.RELEASE\insight-intercept-1.5.0.RELEASE.jar;C:\Users\rhart\.m2\repository\com\springsource\insight\insight-collection\1.5.0.RELEASE\insight-collection-1.5.0.RELEASE.jar;C:\Users\rhart\.m2\repository\org\aspectj\aspectjrt\1.6.11\aspectjrt-1.6.11.jar;C:\Users\rhart\.m2\repository\com\sun\faces\jsf-api\2.1.7\jsf-api-2.1.7.jar;C:\Users\rhart\.m2\repository\com\sun\faces\jsf-impl\2.1.7\jsf-impl-2.1.7.jar;C:\Users\rhart\.m2\repository\org\apache\myfaces\core\myfaces-api\2.1.8\myfaces-api-2.1.8.jar;C:\Users\rhart\.m2\repository\org\apache\myfaces\core\myfaces-impl\2.1.8\myfaces-impl-2.1.8.jar;C:\Users\rhart\.m2\repository\commons-collections\commons-collections\3.2\commons-collections-3.2.jar;C:\Users\rhart\.m2\repository\commons-codec\commons-codec\1.3\commons-codec-1.3.jar;C:\Users\rhart\.m2\repository\commons-beanutils\commons-beanutils\1.8.3\commons-beanutils-1.8.3.jar;C:\Users\rhart\.m2\repository\commons-digester\commons-digester\1.8\commons-digester-1.8.jar;C:\Users\rhart\.m2\repository\junit\junit\4.5\junit-4.5.jar;C:\Users\rhart\.m2\repository\org\mockito\mockito-all\1.8.0\mockito-all-1.8.0.jar;C:\Users\rhart\.m2\repository\org\springframework\spring-test\3.0.5.RELEASE\spring-test-3.0.5.RELEASE.jar;C:\Users\rhart\.m2\repository\commons-logging\commons-logging\1.1.1\commons-logging-1.1.1.jar;C:\Users\rhart\.m2\repository\javax\servlet\servlet-api\2.5\servlet-api-2.5.jar;C:\Users\rhart\.m2\repository\org\springframework\spring-webmvc\3.0.5.RELEASE\spring-webmvc-3.0.5.RELEASE.jar;C:\Users\rhart\.m2\repository\org\springframework\spring-asm\3.0.5.RELEASE\spring-asm-3.0.5.RELEASE.jar;C:\Users\rhart\.m2\repository\org\springframework\spring-beans\3.0.5.RELEASE\spring-beans-3.0.5.RELEASE.jar;C:\Users\rhart\.m2\repository\org\springframework\spring-context\3.0.5.RELEASE\spring-context-3.0.5.RELEASE.jar;C:\Users\rhart\.m2\repository\org\springframework\spring-aop\3.0.5.RELEASE\spring-aop-3.0.5.RELEASE.jar;C:\Users\rhart\.m2\repository\org\springframework\spring-core\3.0.5.RELEASE\spring-core-3.0.5.RELEASE.jar;C:\Users\rhart\.m2\repository\org\springframework\spring-expression\3.0.5.RELEASE\spring-expression-3.0.5.RELEASE.jar;C:\Users\rhart\.m2\repository\org\springframework\spring-web\3.0.5.RELEASE\spring-web-3.0.5.RELEASE.jar;C:\Users\rhart\.m2\repository\aopalliance\aopalliance\1.0\aopalliance-1.0.jar;C:\Users\rhart\.m2\repository\org\springframework\spring-context-support\3.0.5.RELEASE\spring-context-support-3.0.5.RELEASE.jar;C:\Users\rhart\.m2\repository\org\freemarker\freemarker\2.3.15\freemarker-2.3.15.jar;C:\Users\rhart\.m2\repository\org\slf4j\slf4j-jcl\1.5.5\slf4j-jcl-1.5.5.jar;C:\Users\rhart\.m2\repository\org\slf4j\slf4j-api\1.5.5\slf4j-api-1.5.5.jar;C:\Users\rhart\.m2\repository\org\aspectj\aspectjweaver\1.6.11\aspectjweaver-1.6.11.jar;" name="surefire.test.class.path"/>
    <property value="C:\Users\rhart\AppData\Local\Temp\" name="java.io.tmpdir"/>
    <property value="20110727_07" name="java.jcl.version"/>
    <property value="Cp1252" name="ibm.system.encoding"/>
    <property value="amd64" name="os.arch"/>
    <property value="sun.awt.Win32GraphicsEnvironment" name="java.awt.graphicsenv"/>
    <property value="false" name="ibm.signalhandling.rs"/>
    <property value="C:\Program Files\IBM\WebSphere\AppServer\java\jre\lib\ext" name="java.ext.dirs"/>
    <property value="C:\Users\rhart\Documents\GitHub\spring-insight-jsf-plugin\collection-plugin" name="user.dir"/>
    <property value="
" name="line.separator"/>
    <property value="IBM J9 VM" name="java.vm.name"/>
    <property value="false" name="com.ibm.oti.shared.enabled"/>
    <property value="64" name="com.ibm.vm.bitmode"/>
    <property value="C:\Users\rhart\Documents\GitHub\spring-insight-jsf-plugin\collection-plugin" name="basedir"/>
    <property value="15" name="jxe.lowest.romimage.version"/>
    <property value="Cp1252" name="file.encoding"/>
    <property value="20110622_1654" name="com.ibm.oti.jcl.build"/>
    <property value="1.6" name="java.specification.version"/>
    <property value="scar" name="com.ibm.oti.configuration"/>
  </properties>
  <testcase classname="com.springsource.insight.plugin.jsf.FacesValidatorOperationCollectionAspectTest" name="myOperationCollected" time="0.052"/>
</testsuite>